2023-06-17T07:18:57.203Z [right meow!] info: Server is listening on port 5000
2023-06-17T07:22:49.456Z [UMS] info: Server is listening on port 5000
2023-06-17T07:23:09.007Z [UMS] info: Server is listening on port 5000
2023-06-17T07:24:02.203Z [UMS] info: Server is listening on port 5000
Sat Jun 17 2023 13:24:17 GMT+0600 (Bangladesh Standard Time) 13  [UMS] info: Server is listening on port 5000
Sat Jun 17 2023 13:24:24 GMT+0600 (Bangladesh Standard Time) 13 24  [UMS] info: Server is listening on port 5000
Sat Jun 17 2023 13:24:36 GMT+0600 (Bangladesh Standard Time) 13:24:36 [UMS] info: Server is listening on port 5000
Sat Jun 17 2023 13:24:45 GMT+0600 (Bangladesh Standard Time) => 13:24:45 [UMS] info: Server is listening on port 5000
Sat Jun 17 2023 13:26:01 GMT+0600 (Bangladesh Standard Time) => 13:26:1 [UMS] info: Server is listening on port 5000
Sat Jun 17 2023 13:26:07 GMT+0600 (Bangladesh Standard Time) => 13:26:7 [UMS] info: Server is listening on port 5000
Sat Jun 17 2023 13:27:06 GMT+0600 (Bangladesh Standard Time) => 13:27:6 [UMS] info: Server is listening on port 5000
Sat Jun 17 2023 13:27:50 GMT+0600 (Bangladesh Standard Time) => 13:27:50 [UMS] info: Server is listening on port 5000
{
  message: 'Server is listening on port 5000',
  level: 'info',
  label: 'UMS',
  timestamp: '2023-06-17T07:28:09.252Z'
}
{
  message: 'Server is listening on port 5000',
  level: 'info',
  label: 'UMS',
  timestamp: '2023-06-17T07:28:32.806Z'
}
Sat Jun 17 2023 13:28:39 GMT+0600 (Bangladesh Standard Time) => 13:28:39 [UMS] info: Server is listening on port 5000
